<?xml version="1.0" encoding="UTF-8"?>
<!-- Generated by org.testng.reporters.JUnitReportReporter -->
<testsuite hostname="LAPTOP-6NKJ6NHI" failures="0" tests="2" name="april4th.AdvanceReports" time="13.105" errors="0" timestamp="2024-04-06T18:36:07 IST" skipped="0">
  <testcase classname="april4th.AdvanceReports" name="passTest" time="7.461"/>
  <testcase classname="april4th.AdvanceReports" name="failTest" time="5.644"/>
</testsuite> <!-- april4th.AdvanceReports -->
