<?xml version="1.0" encoding="UTF-8"?>
<!-- Generated by org.testng.reporters.JUnitReportReporter -->
<testsuite hostname="LAPTOP-6NKJ6NHI" failures="0" tests="1" name="april3rd.Using_Propertyfile" time="34.514" errors="0" timestamp="2024-04-06T18:29:05 IST" skipped="0">
  <testcase classname="april3rd.Using_Propertyfile" name="branch" time="34.514">
    <system-out>
      <![CDATA[New Branch with id 59 created Sucessfully]]>
    </system-out>
  </testcase> <!-- branch -->
  <system-out>
    <![CDATA[New Branch with id 59 created Sucessfully]]>
  </system-out>
</testsuite> <!-- april3rd.Using_Propertyfile -->
